<?xml version="1.0" encoding="UTF-8"?>
<coverage generated="1730888135868" clover="3.2.0">
  <project timestamp="1730888135868" name="All files">
    <metrics statements="73" coveredstatements="36" conditionals="15" coveredconditionals="1" methods="37" coveredmethods="23" elements="125" coveredelements="60" complexity="0" loc="73" ncloc="73" packages="1" files="7" classes="7"/>
    <file name="0.ArrayUtility.ts" path="C:\Users\prasa\1Bruce\Projects\My Projects 2024\Typescript\3.Practice\src\0.ArrayUtility.ts">
      <metrics statements="6" coveredstatements="1" conditionals="1" coveredconditionals="0" methods="2" coveredmethods="0"/>
      <line num="1" count="1" type="stmt"/>
      <line num="2" count="0" type="cond" truecount="0" falsecount="1"/>
      <line num="4" count="0" type="stmt"/>
      <line num="5" count="0" type="stmt"/>
      <line num="7" count="0" type="stmt"/>
      <line num="8" count="0" type="stmt"/>
    </file>
    <file name="1.FilterCallBack.ts" path="C:\Users\prasa\1Bruce\Projects\My Projects 2024\Typescript\3.Practice\src\1.FilterCallBack.ts">
      <metrics statements="6" coveredstatements="1" conditionals="1" coveredconditionals="0" methods="1" coveredmethods="0"/>
      <line num="3" count="1" type="stmt"/>
      <line num="4" count="0" type="stmt"/>
      <line num="5" count="0" type="stmt"/>
      <line num="6" count="0" type="cond" truecount="0" falsecount="1"/>
      <line num="7" count="0" type="stmt"/>
      <line num="9" count="0" type="stmt"/>
    </file>
    <file name="3.GenericClass.ts" path="C:\Users\prasa\1Bruce\Projects\My Projects 2024\Typescript\3.Practice\src\3.GenericClass.ts">
      <metrics statements="22" coveredstatements="1" conditionals="11" coveredconditionals="0" methods="7" coveredmethods="0"/>
      <line num="2" count="1" type="stmt"/>
      <line num="4" count="0" type="stmt"/>
      <line num="7" count="0" type="stmt"/>
      <line num="11" count="0" type="stmt"/>
      <line num="15" count="0" type="cond" truecount="0" falsecount="1"/>
      <line num="16" count="0" type="stmt"/>
      <line num="17" count="0" type="stmt"/>
      <line num="18" count="0" type="stmt"/>
      <line num="19" count="0" type="cond" truecount="0" falsecount="3"/>
      <line num="20" count="0" type="stmt"/>
      <line num="23" count="0" type="stmt"/>
      <line num="27" count="0" type="cond" truecount="0" falsecount="1"/>
      <line num="28" count="0" type="stmt"/>
      <line num="29" count="0" type="stmt"/>
      <line num="30" count="0" type="cond" truecount="0" falsecount="3"/>
      <line num="31" count="0" type="stmt"/>
      <line num="34" count="0" type="stmt"/>
      <line num="38" count="0" type="stmt"/>
      <line num="39" count="0" type="cond" truecount="0" falsecount="3"/>
      <line num="40" count="0" type="stmt"/>
      <line num="43" count="0" type="stmt"/>
      <line num="47" count="0" type="stmt"/>
    </file>
    <file name="4.GenericFunction.ts" path="C:\Users\prasa\1Bruce\Projects\My Projects 2024\Typescript\3.Practice\src\4.GenericFunction.ts">
      <metrics statements="5" coveredstatements="2" conditionals="0" coveredconditionals="0" methods="2" coveredmethods="0"/>
      <line num="7" count="1" type="stmt"/>
      <line num="11" count="0" type="stmt"/>
      <line num="17" count="1" type="stmt"/>
      <line num="19" count="0" type="stmt"/>
      <line num="20" count="0" type="stmt"/>
    </file>
    <file name="5.PromiseObject.ts" path="C:\Users\prasa\1Bruce\Projects\My Projects 2024\Typescript\3.Practice\src\5.PromiseObject.ts">
      <metrics statements="4" coveredstatements="3" conditionals="2" coveredconditionals="1" methods="1" coveredmethods="1"/>
      <line num="6" count="2" type="stmt"/>
      <line num="7" count="2" type="cond" truecount="1" falsecount="1"/>
      <line num="8" count="2" type="stmt"/>
      <line num="11" count="0" type="stmt"/>
    </file>
    <file name="6.PromiseFunction.ts" path="C:\Users\prasa\1Bruce\Projects\My Projects 2024\Typescript\3.Practice\src\6.PromiseFunction.ts">
      <metrics statements="4" coveredstatements="2" conditionals="0" coveredconditionals="0" methods="2" coveredmethods="0"/>
      <line num="4" count="1" type="stmt"/>
      <line num="7" count="1" type="stmt"/>
      <line num="8" count="0" type="stmt"/>
      <line num="9" count="0" type="stmt"/>
    </file>
    <file name="7.Array-Functions.ts" path="C:\Users\prasa\1Bruce\Projects\My Projects 2024\Typescript\3.Practice\src\7.Array-Functions.ts">
      <metrics statements="26" coveredstatements="26" conditionals="0" coveredconditionals="0" methods="22" coveredmethods="22"/>
      <line num="12" count="1" type="stmt"/>
      <line num="17" count="13" type="stmt"/>
      <line num="18" count="13" type="stmt"/>
      <line num="19" count="13" type="stmt"/>
      <line num="25" count="1" type="stmt"/>
      <line num="28" count="1" type="stmt"/>
      <line num="32" count="1" type="stmt"/>
      <line num="36" count="1" type="stmt"/>
      <line num="40" count="12" type="stmt"/>
      <line num="45" count="1" type="stmt"/>
      <line num="46" count="12" type="stmt"/>
      <line num="47" count="6" type="stmt"/>
      <line num="52" count="1" type="stmt"/>
      <line num="53" count="12" type="stmt"/>
      <line num="54" count="6" type="stmt"/>
      <line num="56" count="6" type="stmt"/>
      <line num="57" count="6" type="stmt"/>
      <line num="63" count="12" type="stmt"/>
      <line num="64" count="6" type="stmt"/>
      <line num="65" count="1" type="stmt"/>
      <line num="66" count="6" type="stmt"/>
      <line num="67" count="6" type="stmt"/>
      <line num="69" count="1" type="stmt"/>
      <line num="74" count="4" type="stmt"/>
      <line num="79" count="4" type="stmt"/>
      <line num="84" count="1" type="stmt"/>
    </file>
  </project>
</coverage>
