{"C:\\Users\\prasa\\1Bruce\\Projects\\My Projects 2024\\Typescript\\3.Practice\\src\\0.ArrayUtility.ts": {"path":"C:\\Users\\prasa\\1Bruce\\Projects\\My Projects 2024\\Typescript\\3.Practice\\src\\0.ArrayUtility.ts","statementMap":{"0":{"start":{"line":1,"column":27},"end":{"line":9,"column":1}},"1":{"start":{"line":2,"column":4},"end":{"line":2,"column":50}},"2":{"start":{"line":2,"column":37},"end":{"line":2,"column":50}},"3":{"start":{"line":4,"column":23},"end":{"line":4,"column":39}},"4":{"start":{"line":5,"column":23},"end":{"line":5,"column":39}},"5":{"start":{"line":7,"column":4},"end":{"line":7,"column":null}},"6":{"start":{"line":8,"column":4},"end":{"line":8,"column":75}},"7":{"start":{"line":8,"column":46},"end":{"line":8,"column":73}},"8":{"start":{"line":1,"column":13},"end":{"line":1,"column":27}}},"fnMap":{"0":{"name":"(anonymous_0)","decl":{"start":{"line":1,"column":27},"end":{"line":1,"column":31}},"loc":{"start":{"line":1,"column":64},"end":{"line":9,"column":1}}},"1":{"name":"(anonymous_1)","decl":{"start":{"line":8,"column":28},"end":{"line":8,"column":29}},"loc":{"start":{"line":8,"column":46},"end":{"line":8,"column":73}}}},"branchMap":{"0":{"loc":{"start":{"line":2,"column":4},"end":{"line":2,"column":50}},"type":"if","locations":[{"start":{"line":2,"column":4},"end":{"line":2,"column":50}}]}},"s":{"0":1,"1":0,"2":0,"3":0,"4":0,"5":0,"6":0,"7":0,"8":1},"f":{"0":0,"1":0},"b":{"0":[0]}}
,"C:\\Users\\prasa\\1Bruce\\Projects\\My Projects 2024\\Typescript\\3.Practice\\src\\1.FilterCallBack.ts": {"path":"C:\\Users\\prasa\\1Bruce\\Projects\\My Projects 2024\\Typescript\\3.Practice\\src\\1.FilterCallBack.ts","statementMap":{"0":{"start":{"line":3,"column":30},"end":{"line":10,"column":1}},"1":{"start":{"line":4,"column":28},"end":{"line":4,"column":30}},"2":{"start":{"line":5,"column":4},"end":{"line":8,"column":5}},"3":{"start":{"line":6,"column":8},"end":{"line":7,"column":null}},"4":{"start":{"line":7,"column":12},"end":{"line":7,"column":null}},"5":{"start":{"line":9,"column":4},"end":{"line":9,"column":20}},"6":{"start":{"line":3,"column":13},"end":{"line":3,"column":30}}},"fnMap":{"0":{"name":"(anonymous_0)","decl":{"start":{"line":3,"column":30},"end":{"line":3,"column":31}},"loc":{"start":{"line":3,"column":89},"end":{"line":10,"column":1}}}},"branchMap":{"0":{"loc":{"start":{"line":6,"column":8},"end":{"line":7,"column":null}},"type":"if","locations":[{"start":{"line":6,"column":8},"end":{"line":7,"column":null}}]}},"s":{"0":1,"1":0,"2":0,"3":0,"4":0,"5":0,"6":1},"f":{"0":0},"b":{"0":[0]}}
,"C:\\Users\\prasa\\1Bruce\\Projects\\My Projects 2024\\Typescript\\3.Practice\\src\\3.GenericClass.ts": {"path":"C:\\Users\\prasa\\1Bruce\\Projects\\My Projects 2024\\Typescript\\3.Practice\\src\\3.GenericClass.ts","statementMap":{"0":{"start":{"line":4,"column":12},"end":{"line":4,"column":33}},"1":{"start":{"line":7,"column":8},"end":{"line":7,"column":null}},"2":{"start":{"line":11,"column":8},"end":{"line":11,"column":32}},"3":{"start":{"line":15,"column":8},"end":{"line":16,"column":null}},"4":{"start":{"line":16,"column":12},"end":{"line":16,"column":null}},"5":{"start":{"line":17,"column":28},"end":{"line":17,"column":30}},"6":{"start":{"line":18,"column":8},"end":{"line":22,"column":9}},"7":{"start":{"line":19,"column":12},"end":{"line":21,"column":13}},"8":{"start":{"line":20,"column":16},"end":{"line":20,"column":null}},"9":{"start":{"line":23,"column":8},"end":{"line":23,"column":24}},"10":{"start":{"line":27,"column":8},"end":{"line":28,"column":null}},"11":{"start":{"line":28,"column":12},"end":{"line":28,"column":null}},"12":{"start":{"line":29,"column":8},"end":{"line":33,"column":9}},"13":{"start":{"line":30,"column":12},"end":{"line":32,"column":13}},"14":{"start":{"line":31,"column":16},"end":{"line":31,"column":null}},"15":{"start":{"line":34,"column":8},"end":{"line":34,"column":null}},"16":{"start":{"line":38,"column":8},"end":{"line":42,"column":9}},"17":{"start":{"line":39,"column":12},"end":{"line":41,"column":13}},"18":{"start":{"line":40,"column":16},"end":{"line":40,"column":null}},"19":{"start":{"line":43,"column":8},"end":{"line":43,"column":null}},"20":{"start":{"line":47,"column":8},"end":{"line":47,"column":null}},"21":{"start":{"line":2,"column":0},"end":{"line":2,"column":13}}},"fnMap":{"0":{"name":"(anonymous_0)","decl":{"start":{"line":2,"column":0},"end":{"line":2,"column":13}},"loc":{"start":{"line":2,"column":0},"end":{"line":50,"column":1}}},"1":{"name":"(anonymous_1)","decl":{"start":{"line":6,"column":4},"end":{"line":6,"column":12}},"loc":{"start":{"line":6,"column":20},"end":{"line":8,"column":5}}},"2":{"name":"(anonymous_2)","decl":{"start":{"line":10,"column":4},"end":{"line":10,"column":11}},"loc":{"start":{"line":10,"column":11},"end":{"line":12,"column":5}}},"3":{"name":"(anonymous_3)","decl":{"start":{"line":14,"column":4},"end":{"line":14,"column":10}},"loc":{"start":{"line":14,"column":42},"end":{"line":24,"column":5}}},"4":{"name":"(anonymous_4)","decl":{"start":{"line":26,"column":4},"end":{"line":26,"column":21}},"loc":{"start":{"line":26,"column":53},"end":{"line":35,"column":5}}},"5":{"name":"(anonymous_5)","decl":{"start":{"line":37,"column":4},"end":{"line":37,"column":20}},"loc":{"start":{"line":37,"column":52},"end":{"line":44,"column":5}}},"6":{"name":"(anonymous_6)","decl":{"start":{"line":46,"column":4},"end":{"line":46,"column":13}},"loc":{"start":{"line":46,"column":13},"end":{"line":48,"column":5}}}},"branchMap":{"0":{"loc":{"start":{"line":15,"column":8},"end":{"line":16,"column":null}},"type":"if","locations":[{"start":{"line":15,"column":8},"end":{"line":16,"column":null}}]},"1":{"loc":{"start":{"line":19,"column":12},"end":{"line":21,"column":13}},"type":"if","locations":[{"start":{"line":19,"column":12},"end":{"line":21,"column":13}}]},"2":{"loc":{"start":{"line":19,"column":16},"end":{"line":19,"column":44}},"type":"binary-expr","locations":[{"start":{"line":19,"column":16},"end":{"line":19,"column":25}},{"start":{"line":19,"column":29},"end":{"line":19,"column":44}}]},"3":{"loc":{"start":{"line":27,"column":8},"end":{"line":28,"column":null}},"type":"if","locations":[{"start":{"line":27,"column":8},"end":{"line":28,"column":null}}]},"4":{"loc":{"start":{"line":30,"column":12},"end":{"line":32,"column":13}},"type":"if","locations":[{"start":{"line":30,"column":12},"end":{"line":32,"column":13}}]},"5":{"loc":{"start":{"line":30,"column":16},"end":{"line":30,"column":44}},"type":"binary-expr","locations":[{"start":{"line":30,"column":16},"end":{"line":30,"column":25}},{"start":{"line":30,"column":29},"end":{"line":30,"column":44}}]},"6":{"loc":{"start":{"line":39,"column":12},"end":{"line":41,"column":13}},"type":"if","locations":[{"start":{"line":39,"column":12},"end":{"line":41,"column":13}}]},"7":{"loc":{"start":{"line":39,"column":16},"end":{"line":39,"column":44}},"type":"binary-expr","locations":[{"start":{"line":39,"column":16},"end":{"line":39,"column":25}},{"start":{"line":39,"column":29},"end":{"line":39,"column":44}}]}},"s":{"0":0,"1":0,"2":0,"3":0,"4":0,"5":0,"6":0,"7":0,"8":0,"9":0,"10":0,"11":0,"12":0,"13":0,"14":0,"15":0,"16":0,"17":0,"18":0,"19":0,"20":0,"21":1},"f":{"0":0,"1":0,"2":0,"3":0,"4":0,"5":0,"6":0},"b":{"0":[0],"1":[0],"2":[0,0],"3":[0],"4":[0],"5":[0,0],"6":[0],"7":[0,0]}}
,"C:\\Users\\prasa\\1Bruce\\Projects\\My Projects 2024\\Typescript\\3.Practice\\src\\4.GenericFunction.ts": {"path":"C:\\Users\\prasa\\1Bruce\\Projects\\My Projects 2024\\Typescript\\3.Practice\\src\\4.GenericFunction.ts","statementMap":{"0":{"start":{"line":11,"column":8},"end":{"line":11,"column":65}},"1":{"start":{"line":7,"column":0},"end":{"line":7,"column":13}},"2":{"start":{"line":19,"column":20},"end":{"line":19,"column":43}},"3":{"start":{"line":20,"column":8},"end":{"line":20,"column":null}},"4":{"start":{"line":17,"column":0},"end":{"line":17,"column":13}}},"fnMap":{"0":{"name":"(anonymous_0)","decl":{"start":{"line":10,"column":4},"end":{"line":10,"column":11}},"loc":{"start":{"line":10,"column":11},"end":{"line":12,"column":5}}},"1":{"name":"(anonymous_1)","decl":{"start":{"line":18,"column":4},"end":{"line":18,"column":9}},"loc":{"start":{"line":18,"column":54},"end":{"line":21,"column":5}}}},"branchMap":{},"s":{"0":0,"1":1,"2":0,"3":0,"4":1},"f":{"0":0,"1":0},"b":{}}
,"C:\\Users\\prasa\\1Bruce\\Projects\\My Projects 2024\\Typescript\\3.Practice\\src\\5.PromiseObject.ts": {"path":"C:\\Users\\prasa\\1Bruce\\Projects\\My Projects 2024\\Typescript\\3.Practice\\src\\5.PromiseObject.ts","statementMap":{"0":{"start":{"line":6,"column":13},"end":{"line":13,"column":3}},"1":{"start":{"line":7,"column":4},"end":{"line":12,"column":5}},"2":{"start":{"line":8,"column":8},"end":{"line":8,"column":23}},"3":{"start":{"line":11,"column":8},"end":{"line":11,"column":36}}},"fnMap":{"0":{"name":"(anonymous_0)","decl":{"start":{"line":6,"column":63},"end":{"line":6,"column":64}},"loc":{"start":{"line":6,"column":85},"end":{"line":13,"column":1}}}},"branchMap":{"0":{"loc":{"start":{"line":7,"column":4},"end":{"line":12,"column":5}},"type":"if","locations":[{"start":{"line":7,"column":4},"end":{"line":12,"column":5}},{"start":{"line":10,"column":9},"end":{"line":12,"column":5}}]}},"s":{"0":2,"1":2,"2":2,"3":0},"f":{"0":2},"b":{"0":[2,0]}}
,"C:\\Users\\prasa\\1Bruce\\Projects\\My Projects 2024\\Typescript\\3.Practice\\src\\6.PromiseFunction.ts": {"path":"C:\\Users\\prasa\\1Bruce\\Projects\\My Projects 2024\\Typescript\\3.Practice\\src\\6.PromiseFunction.ts","statementMap":{"0":{"start":{"line":4,"column":0},"end":{"line":4,"column":47}},"1":{"start":{"line":7,"column":31},"end":{"line":10,"column":null}},"2":{"start":{"line":7,"column":59},"end":{"line":10,"column":null}},"3":{"start":{"line":8,"column":14},"end":{"line":8,"column":30}},"4":{"start":{"line":9,"column":4},"end":{"line":9,"column":23}},"5":{"start":{"line":7,"column":13},"end":{"line":7,"column":31}}},"fnMap":{"0":{"name":"(anonymous_7)","decl":{"start":{"line":7,"column":31},"end":{"line":7,"column":57}},"loc":{"start":{"line":7,"column":59},"end":{"line":10,"column":null}}},"1":{"name":"(anonymous_8)","decl":{"start":{"line":7,"column":59},"end":{"line":7,"column":null}},"loc":{"start":{"line":7,"column":59},"end":{"line":10,"column":1}}}},"branchMap":{},"s":{"0":1,"1":1,"2":0,"3":0,"4":0,"5":1},"f":{"0":0,"1":0},"b":{}}
,"C:\\Users\\prasa\\1Bruce\\Projects\\My Projects 2024\\Typescript\\3.Practice\\src\\7.Array-Functions.ts": {"path":"C:\\Users\\prasa\\1Bruce\\Projects\\My Projects 2024\\Typescript\\3.Practice\\src\\7.Array-Functions.ts","statementMap":{"0":{"start":{"line":17,"column":8},"end":{"line":17,"column":null}},"1":{"start":{"line":18,"column":8},"end":{"line":18,"column":null}},"2":{"start":{"line":19,"column":8},"end":{"line":19,"column":null}},"3":{"start":{"line":12,"column":0},"end":{"line":12,"column":13}},"4":{"start":{"line":28,"column":12},"end":{"line":28,"column":null}},"5":{"start":{"line":32,"column":8},"end":{"line":32,"column":null}},"6":{"start":{"line":36,"column":8},"end":{"line":36,"column":null}},"7":{"start":{"line":40,"column":8},"end":{"line":40,"column":null}},"8":{"start":{"line":40,"column":42},"end":{"line":40,"column":53}},"9":{"start":{"line":45,"column":8},"end":{"line":47,"column":41}},"10":{"start":{"line":46,"column":27},"end":{"line":46,"column":40}},"11":{"start":{"line":47,"column":28},"end":{"line":47,"column":39}},"12":{"start":{"line":52,"column":8},"end":{"line":58,"column":null}},"13":{"start":{"line":53,"column":27},"end":{"line":53,"column":40}},"14":{"start":{"line":54,"column":28},"end":{"line":54,"column":39}},"15":{"start":{"line":56,"column":16},"end":{"line":56,"column":38}},"16":{"start":{"line":57,"column":16},"end":{"line":57,"column":null}},"17":{"start":{"line":63,"column":43},"end":{"line":64,"column":40}},"18":{"start":{"line":63,"column":69},"end":{"line":63,"column":82}},"19":{"start":{"line":64,"column":28},"end":{"line":64,"column":39}},"20":{"start":{"line":65,"column":47},"end":{"line":68,"column":13}},"21":{"start":{"line":66,"column":12},"end":{"line":66,"column":null}},"22":{"start":{"line":67,"column":12},"end":{"line":67,"column":66}},"23":{"start":{"line":69,"column":8},"end":{"line":69,"column":64}},"24":{"start":{"line":74,"column":8},"end":{"line":74,"column":null}},"25":{"start":{"line":74,"column":43},"end":{"line":74,"column":62}},"26":{"start":{"line":79,"column":8},"end":{"line":79,"column":null}},"27":{"start":{"line":79,"column":43},"end":{"line":79,"column":62}},"28":{"start":{"line":84,"column":8},"end":{"line":84,"column":null}},"29":{"start":{"line":84,"column":44},"end":{"line":84,"column":63}},"30":{"start":{"line":25,"column":0},"end":{"line":25,"column":13}}},"fnMap":{"0":{"name":"(anonymous_0)","decl":{"start":{"line":16,"column":4},"end":{"line":16,"column":16}},"loc":{"start":{"line":16,"column":58},"end":{"line":20,"column":5}}},"1":{"name":"(anonymous_1)","decl":{"start":{"line":31,"column":4},"end":{"line":31,"column":16}},"loc":{"start":{"line":31,"column":31},"end":{"line":33,"column":5}}},"2":{"name":"(anonymous_2)","decl":{"start":{"line":35,"column":4},"end":{"line":35,"column":13}},"loc":{"start":{"line":35,"column":13},"end":{"line":37,"column":5}}},"3":{"name":"(anonymous_3)","decl":{"start":{"line":39,"column":4},"end":{"line":39,"column":20}},"loc":{"start":{"line":39,"column":20},"end":{"line":41,"column":5}}},"4":{"name":"(anonymous_4)","decl":{"start":{"line":40,"column":31},"end":{"line":40,"column":32}},"loc":{"start":{"line":40,"column":42},"end":{"line":40,"column":53}}},"5":{"name":"(anonymous_5)","decl":{"start":{"line":44,"column":4},"end":{"line":44,"column":30}},"loc":{"start":{"line":44,"column":30},"end":{"line":48,"column":5}}},"6":{"name":"(anonymous_6)","decl":{"start":{"line":46,"column":20},"end":{"line":46,"column":21}},"loc":{"start":{"line":46,"column":27},"end":{"line":46,"column":40}}},"7":{"name":"(anonymous_7)","decl":{"start":{"line":47,"column":17},"end":{"line":47,"column":18}},"loc":{"start":{"line":47,"column":28},"end":{"line":47,"column":39}}},"8":{"name":"(anonymous_8)","decl":{"start":{"line":51,"column":4},"end":{"line":51,"column":37}},"loc":{"start":{"line":51,"column":37},"end":{"line":59,"column":5}}},"9":{"name":"(anonymous_9)","decl":{"start":{"line":53,"column":20},"end":{"line":53,"column":21}},"loc":{"start":{"line":53,"column":27},"end":{"line":53,"column":40}}},"10":{"name":"(anonymous_10)","decl":{"start":{"line":54,"column":17},"end":{"line":54,"column":18}},"loc":{"start":{"line":54,"column":28},"end":{"line":54,"column":39}}},"11":{"name":"(anonymous_11)","decl":{"start":{"line":55,"column":20},"end":{"line":55,"column":21}},"loc":{"start":{"line":55,"column":37},"end":{"line":58,"column":13}}},"12":{"name":"(anonymous_12)","decl":{"start":{"line":62,"column":4},"end":{"line":62,"column":39}},"loc":{"start":{"line":62,"column":39},"end":{"line":70,"column":5}}},"13":{"name":"(anonymous_13)","decl":{"start":{"line":63,"column":62},"end":{"line":63,"column":63}},"loc":{"start":{"line":63,"column":69},"end":{"line":63,"column":82}}},"14":{"name":"(anonymous_14)","decl":{"start":{"line":64,"column":17},"end":{"line":64,"column":18}},"loc":{"start":{"line":64,"column":28},"end":{"line":64,"column":39}}},"15":{"name":"(anonymous_15)","decl":{"start":{"line":65,"column":83},"end":{"line":65,"column":84}},"loc":{"start":{"line":65,"column":100},"end":{"line":68,"column":9}}},"16":{"name":"(anonymous_16)","decl":{"start":{"line":73,"column":4},"end":{"line":73,"column":23}},"loc":{"start":{"line":73,"column":23},"end":{"line":75,"column":5}}},"17":{"name":"(anonymous_17)","decl":{"start":{"line":74,"column":32},"end":{"line":74,"column":33}},"loc":{"start":{"line":74,"column":43},"end":{"line":74,"column":62}}},"18":{"name":"(anonymous_18)","decl":{"start":{"line":78,"column":4},"end":{"line":78,"column":24}},"loc":{"start":{"line":78,"column":24},"end":{"line":80,"column":5}}},"19":{"name":"(anonymous_19)","decl":{"start":{"line":79,"column":32},"end":{"line":79,"column":33}},"loc":{"start":{"line":79,"column":43},"end":{"line":79,"column":62}}},"20":{"name":"(anonymous_20)","decl":{"start":{"line":83,"column":4},"end":{"line":83,"column":24}},"loc":{"start":{"line":83,"column":24},"end":{"line":85,"column":5}}},"21":{"name":"(anonymous_21)","decl":{"start":{"line":84,"column":33},"end":{"line":84,"column":34}},"loc":{"start":{"line":84,"column":44},"end":{"line":84,"column":63}}}},"branchMap":{},"s":{"0":13,"1":13,"2":13,"3":1,"4":1,"5":1,"6":1,"7":1,"8":12,"9":1,"10":12,"11":6,"12":1,"13":12,"14":6,"15":6,"16":6,"17":1,"18":12,"19":6,"20":1,"21":6,"22":6,"23":1,"24":1,"25":4,"26":1,"27":4,"28":1,"29":1,"30":1},"f":{"0":13,"1":1,"2":1,"3":1,"4":12,"5":1,"6":12,"7":6,"8":1,"9":12,"10":6,"11":6,"12":1,"13":12,"14":6,"15":6,"16":1,"17":4,"18":1,"19":4,"20":1,"21":1},"b":{}}
}
